0 info it worked if it ends with ok
1 verbose cli [ 'node', '/usr/local/bin/npm', 'install', 'angular-qr' ]
2 info using npm@2.7.4
3 info using node@v0.12.2
4 warn package.json zhikr-cloud@0.1.1 No description
5 warn package.json zhikr-cloud@0.1.1 No README data
6 warn package.json codemirror@5.8.0 No README data
7 silly cache add args [ 'angular-qr', null ]
8 verbose cache add spec angular-qr
9 silly cache add parsed spec { raw: 'angular-qr',
9 silly cache add   scope: null,
9 silly cache add   name: 'angular-qr',
9 silly cache add   rawSpec: '',
9 silly cache add   spec: '*',
9 silly cache add   type: 'range' }
10 verbose addNamed angular-qr@*
11 silly addNamed semver.valid null
12 silly addNamed semver.validRange *
13 silly addNameRange { name: 'angular-qr', range: '*', hasData: false }
14 silly mapToRegistry name angular-qr
15 silly mapToRegistry using default registry
16 silly mapToRegistry registry https://registry.npm.taobao.org/
17 silly mapToRegistry uri https://registry.npm.taobao.org/angular-qr
18 verbose addNameRange registry:https://registry.npm.taobao.org/angular-qr not in flight; fetching
19 verbose request uri https://registry.npm.taobao.org/angular-qr
20 verbose request no auth needed
21 info attempt registry request try #1 at 15:23:32
22 verbose request id 0c4e2879fb3f5dea
23 http request GET https://registry.npm.taobao.org/angular-qr
24 info retry will retry, error on last attempt: Error: getaddrinfo ENOTFOUND registry.npm.taobao.org
25 info attempt registry request try #2 at 15:24:12
26 http request GET https://registry.npm.taobao.org/angular-qr
27 info retry will retry, error on last attempt: Error: getaddrinfo ENOTFOUND registry.npm.taobao.org
28 info attempt registry request try #3 at 15:25:30
29 http request GET https://registry.npm.taobao.org/angular-qr
30 http 404 https://registry.npm.taobao.org/angular-qr
31 verbose headers { 'content-type': 'application/json',
31 verbose headers   'cache-control': 'max-age=0',
31 verbose headers   'content-length': '2',
31 verbose headers   'accept-ranges': 'bytes',
31 verbose headers   date: 'Sat, 21 Nov 2015 07:25:29 GMT',
31 verbose headers   via: '1.1 varnish',
31 verbose headers   age: '0',
31 verbose headers   connection: 'close',
31 verbose headers   'x-served-by': 'cache-lcy1120-LCY',
31 verbose headers   'x-cache': 'MISS',
31 verbose headers   'x-cache-hits': '0',
31 verbose headers   'x-timer': 'S1448090729.505877,VS0,VE397' }
32 silly get cb [ 404,
32 silly get   { 'content-type': 'application/json',
32 silly get     'cache-control': 'max-age=0',
32 silly get     'content-length': '2',
32 silly get     'accept-ranges': 'bytes',
32 silly get     date: 'Sat, 21 Nov 2015 07:25:29 GMT',
32 silly get     via: '1.1 varnish',
32 silly get     age: '0',
32 silly get     connection: 'close',
32 silly get     'x-served-by': 'cache-lcy1120-LCY',
32 silly get     'x-cache': 'MISS',
32 silly get     'x-cache-hits': '0',
32 silly get     'x-timer': 'S1448090729.505877,VS0,VE397' } ]
33 verbose stack Error: Registry returned 404 for GET on https://registry.npm.taobao.org/angular-qr
33 verbose stack     at CachingRegistryClient.<anonymous> (/usr/local/lib/node_modules/npm/node_modules/npm-registry-client/lib/request.js:239:14)
33 verbose stack     at Request._callback (/usr/local/lib/node_modules/npm/node_modules/npm-registry-client/lib/request.js:170:14)
33 verbose stack     at Request.self.callback (/usr/local/lib/node_modules/npm/node_modules/request/request.js:344:22)
33 verbose stack     at Request.emit (events.js:110:17)
33 verbose stack     at Request.<anonymous> (/usr/local/lib/node_modules/npm/node_modules/request/request.js:1239:14)
33 verbose stack     at Request.emit (events.js:129:20)
33 verbose stack     at IncomingMessage.<anonymous> (/usr/local/lib/node_modules/npm/node_modules/request/request.js:1187:12)
33 verbose stack     at IncomingMessage.emit (events.js:129:20)
33 verbose stack     at _stream_readable.js:908:16
33 verbose stack     at process._tickCallback (node.js:355:11)
34 verbose statusCode 404
35 verbose pkgid angular-qr
36 verbose cwd /Users/macbookair/develop/angular
37 error Darwin 14.0.0
38 error argv "node" "/usr/local/bin/npm" "install" "angular-qr"
39 error node v0.12.2
40 error npm  v2.7.4
41 error code E404
42 error 404 Registry returned 404 for GET on https://registry.npm.taobao.org/angular-qr
42 error 404
42 error 404 'angular-qr' is not in the npm registry.
42 error 404 You should bug the author to publish it (or use the name yourself!)
42 error 404 It was specified as a dependency of 'zhikr-cloud'
42 error 404
42 error 404 Note that you can also install from a
42 error 404 tarball, folder, http url, or git url.
43 verbose exit [ 1, true ]
